[25-Sep-2023 07:52:08 UTC] PHP Warning:  Undefined variable $deskto in /Users/akramtello/Local Sites/fundedn/app/public/wp-content/themes/fundedx/inc/template-functions.php on line 49
[25-Sep-2023 07:52:39 UTC] PHP Warning:  Undefined variable $deskto in /Users/akramtello/Local Sites/fundedn/app/public/wp-content/themes/fundedx/inc/template-functions.php on line 49
[25-Sep-2023 07:58:49 UTC] PHP Warning:  Undefined variable $deskto in /Users/akramtello/Local Sites/fundedn/app/public/wp-content/themes/fundedx/inc/template-functions.php on line 49
[25-Sep-2023 08:04:25 UTC] PHP Warning:  Undefined variable $deskto in /Users/akramtello/Local Sites/fundedn/app/public/wp-content/themes/fundedx/inc/template-functions.php on line 49
[25-Sep-2023 08:19:59 UTC] PHP Warning:  Undefined variable $deskto in /Users/akramtello/Local Sites/fundedn/app/public/wp-content/themes/fundedx/inc/template-functions.php on line 49
[25-Sep-2023 08:22:05 UTC] PHP Warning:  Undefined variable $deskto in /Users/akramtello/Local Sites/fundedn/app/public/wp-content/themes/fundedx/inc/template-functions.php on line 49
[25-Sep-2023 13:49:51 UTC] PHP Warning:  Undefined variable $deskto in /Users/akramtello/Local Sites/fundedn/app/public/wp-content/themes/fundedx/inc/template-functions.php on line 49
[25-Sep-2023 13:51:56 UTC] PHP Warning:  Undefined variable $deskto in /Users/akramtello/Local Sites/fundedn/app/public/wp-content/themes/fundedx/inc/template-functions.php on line 49
[25-Sep-2023 14:12:32 UTC] PHP Warning:  Undefined variable $deskto in /Users/akramtello/Local Sites/fundedn/app/public/wp-content/themes/fundedx/inc/template-functions.php on line 49
[25-Sep-2023 14:30:13 UTC] PHP Warning:  Undefined variable $deskto in /Users/akramtello/Local Sites/fundedn/app/public/wp-content/themes/fundedx/inc/template-functions.php on line 49
[25-Sep-2023 14:36:36 UTC] PHP Warning:  Undefined variable $deskto in /Users/akramtello/Local Sites/fundedn/app/public/wp-content/themes/fundedx/inc/template-functions.php on line 49
[25-Sep-2023 14:39:00 UTC] PHP Warning:  Undefined variable $deskto in /Users/akramtello/Local Sites/fundedn/app/public/wp-content/themes/fundedx/inc/template-functions.php on line 49
[25-Sep-2023 14:40:06 UTC] PHP Warning:  Undefined variable $deskto in /Users/akramtello/Local Sites/fundedn/app/public/wp-content/themes/fundedx/inc/template-functions.php on line 49
[25-Sep-2023 14:42:32 UTC] PHP Warning:  Undefined variable $deskto in /Users/akramtello/Local Sites/fundedn/app/public/wp-content/themes/fundedx/inc/template-functions.php on line 49
[25-Sep-2023 14:42:41 UTC] PHP Warning:  Undefined variable $deskto in /Users/akramtello/Local Sites/fundedn/app/public/wp-content/themes/fundedx/inc/template-functions.php on line 49
[25-Sep-2023 15:24:29 UTC] PHP Warning:  An unexpected error occurred. Something may be wrong with WordPress.org or this server&#8217;s configuration. If you continue to have problems, please try the <a href="https://wordpress.org/support/forums/">support forums</a>. (WordPress could not establish a secure connection to WordPress.org. Please contact your server administrator.) in /Users/akramtello/Local Sites/fundedn/app/public/wp-admin/includes/translation-install.php on line 68
[27-Sep-2023 09:31:54 UTC] PHP Warning:  Undefined variable $stats_title_1 in /Users/akramtello/Local Sites/fundedn/app/public/wp-content/themes/fundedx/blocks/module-page-header.php on line 28
[27-Sep-2023 09:31:54 UTC] PHP Warning:  Undefined variable $stats_number_1 in /Users/akramtello/Local Sites/fundedn/app/public/wp-content/themes/fundedx/blocks/module-page-header.php on line 29
[27-Sep-2023 09:31:54 UTC] PHP Warning:  Undefined variable $stats_title_2 in /Users/akramtello/Local Sites/fundedn/app/public/wp-content/themes/fundedx/blocks/module-page-header.php on line 32
[27-Sep-2023 09:31:54 UTC] PHP Warning:  Undefined variable $stats_number_2 in /Users/akramtello/Local Sites/fundedn/app/public/wp-content/themes/fundedx/blocks/module-page-header.php on line 33
[27-Sep-2023 09:31:54 UTC] PHP Warning:  Undefined variable $stats_title_3 in /Users/akramtello/Local Sites/fundedn/app/public/wp-content/themes/fundedx/blocks/module-page-header.php on line 36
[27-Sep-2023 09:31:54 UTC] PHP Warning:  Undefined variable $stats_number_3 in /Users/akramtello/Local Sites/fundedn/app/public/wp-content/themes/fundedx/blocks/module-page-header.php on line 37
[27-Sep-2023 09:32:06 UTC] PHP Warning:  Undefined variable $stats_title_1 in /Users/akramtello/Local Sites/fundedn/app/public/wp-content/themes/fundedx/blocks/module-page-header.php on line 28
[27-Sep-2023 09:32:06 UTC] PHP Warning:  Undefined variable $stats_number_1 in /Users/akramtello/Local Sites/fundedn/app/public/wp-content/themes/fundedx/blocks/module-page-header.php on line 29
[27-Sep-2023 09:32:06 UTC] PHP Warning:  Undefined variable $stats_title_2 in /Users/akramtello/Local Sites/fundedn/app/public/wp-content/themes/fundedx/blocks/module-page-header.php on line 32
[27-Sep-2023 09:32:06 UTC] PHP Warning:  Undefined variable $stats_number_2 in /Users/akramtello/Local Sites/fundedn/app/public/wp-content/themes/fundedx/blocks/module-page-header.php on line 33
[27-Sep-2023 09:32:06 UTC] PHP Warning:  Undefined variable $stats_title_3 in /Users/akramtello/Local Sites/fundedn/app/public/wp-content/themes/fundedx/blocks/module-page-header.php on line 36
[27-Sep-2023 09:32:06 UTC] PHP Warning:  Undefined variable $stats_number_3 in /Users/akramtello/Local Sites/fundedn/app/public/wp-content/themes/fundedx/blocks/module-page-header.php on line 37
[27-Sep-2023 09:42:42 UTC] PHP Warning:  Undefined variable $stats_title_1 in /Users/akramtello/Local Sites/fundedn/app/public/wp-content/themes/fundedx/blocks/module-page-header.php on line 28
[27-Sep-2023 09:42:42 UTC] PHP Warning:  Undefined variable $stats_number_1 in /Users/akramtello/Local Sites/fundedn/app/public/wp-content/themes/fundedx/blocks/module-page-header.php on line 29
[27-Sep-2023 09:42:42 UTC] PHP Warning:  Undefined variable $stats_title_2 in /Users/akramtello/Local Sites/fundedn/app/public/wp-content/themes/fundedx/blocks/module-page-header.php on line 32
[27-Sep-2023 09:42:42 UTC] PHP Warning:  Undefined variable $stats_number_2 in /Users/akramtello/Local Sites/fundedn/app/public/wp-content/themes/fundedx/blocks/module-page-header.php on line 33
[27-Sep-2023 09:42:42 UTC] PHP Warning:  Undefined variable $stats_title_3 in /Users/akramtello/Local Sites/fundedn/app/public/wp-content/themes/fundedx/blocks/module-page-header.php on line 36
[27-Sep-2023 09:42:42 UTC] PHP Warning:  Undefined variable $stats_number_3 in /Users/akramtello/Local Sites/fundedn/app/public/wp-content/themes/fundedx/blocks/module-page-header.php on line 37
[27-Sep-2023 09:58:29 UTC] PHP Warning:  Undefined variable $stats_title_1 in /Users/akramtello/Local Sites/fundedn/app/public/wp-content/themes/fundedx/blocks/module-page-header.php on line 28
[27-Sep-2023 09:58:29 UTC] PHP Warning:  Undefined variable $stats_number_1 in /Users/akramtello/Local Sites/fundedn/app/public/wp-content/themes/fundedx/blocks/module-page-header.php on line 29
[27-Sep-2023 09:58:29 UTC] PHP Warning:  Undefined variable $stats_title_2 in /Users/akramtello/Local Sites/fundedn/app/public/wp-content/themes/fundedx/blocks/module-page-header.php on line 32
[27-Sep-2023 09:58:29 UTC] PHP Warning:  Undefined variable $stats_number_2 in /Users/akramtello/Local Sites/fundedn/app/public/wp-content/themes/fundedx/blocks/module-page-header.php on line 33
[27-Sep-2023 09:58:29 UTC] PHP Warning:  Undefined variable $stats_title_3 in /Users/akramtello/Local Sites/fundedn/app/public/wp-content/themes/fundedx/blocks/module-page-header.php on line 36
[27-Sep-2023 09:58:29 UTC] PHP Warning:  Undefined variable $stats_number_3 in /Users/akramtello/Local Sites/fundedn/app/public/wp-content/themes/fundedx/blocks/module-page-header.php on line 37
[27-Sep-2023 10:00:59 UTC] PHP Warning:  Undefined variable $stats_title_1 in /Users/akramtello/Local Sites/fundedn/app/public/wp-content/themes/fundedx/blocks/module-page-header.php on line 28
[27-Sep-2023 10:00:59 UTC] PHP Warning:  Undefined variable $stats_number_1 in /Users/akramtello/Local Sites/fundedn/app/public/wp-content/themes/fundedx/blocks/module-page-header.php on line 29
[27-Sep-2023 10:00:59 UTC] PHP Warning:  Undefined variable $stats_title_2 in /Users/akramtello/Local Sites/fundedn/app/public/wp-content/themes/fundedx/blocks/module-page-header.php on line 32
[27-Sep-2023 10:00:59 UTC] PHP Warning:  Undefined variable $stats_number_2 in /Users/akramtello/Local Sites/fundedn/app/public/wp-content/themes/fundedx/blocks/module-page-header.php on line 33
[27-Sep-2023 10:00:59 UTC] PHP Warning:  Undefined variable $stats_title_3 in /Users/akramtello/Local Sites/fundedn/app/public/wp-content/themes/fundedx/blocks/module-page-header.php on line 36
[27-Sep-2023 10:00:59 UTC] PHP Warning:  Undefined variable $stats_number_3 in /Users/akramtello/Local Sites/fundedn/app/public/wp-content/themes/fundedx/blocks/module-page-header.php on line 37
[27-Sep-2023 10:05:09 UTC] PHP Warning:  Trying to access array offset on value of type bool in /Users/akramtello/Local Sites/fundedn/app/public/wp-content/themes/fundedx/blocks/module-broker.php on line 13
[27-Sep-2023 10:05:09 UTC] PHP Warning:  Trying to access array offset on value of type bool in /Users/akramtello/Local Sites/fundedn/app/public/wp-content/themes/fundedx/blocks/module-broker.php on line 13
[27-Sep-2023 10:05:10 UTC] PHP Warning:  Trying to access array offset on value of type bool in /Users/akramtello/Local Sites/fundedn/app/public/wp-content/themes/fundedx/blocks/module-broker.php on line 13
[27-Sep-2023 10:05:10 UTC] PHP Warning:  Trying to access array offset on value of type bool in /Users/akramtello/Local Sites/fundedn/app/public/wp-content/themes/fundedx/blocks/module-broker.php on line 13
[27-Sep-2023 10:07:30 UTC] PHP Warning:  Trying to access array offset on value of type bool in /Users/akramtello/Local Sites/fundedn/app/public/wp-content/themes/fundedx/blocks/module-broker.php on line 13
[27-Sep-2023 10:07:30 UTC] PHP Warning:  Trying to access array offset on value of type bool in /Users/akramtello/Local Sites/fundedn/app/public/wp-content/themes/fundedx/blocks/module-broker.php on line 13
[27-Sep-2023 10:36:58 UTC] PHP Warning:  Trying to access array offset on value of type null in /Users/akramtello/Local Sites/fundedn/app/public/wp-content/themes/fundedx/blocks/module-how-it-works.php on line 31
[27-Sep-2023 10:36:58 UTC] PHP Warning:  Trying to access array offset on value of type null in /Users/akramtello/Local Sites/fundedn/app/public/wp-content/themes/fundedx/blocks/module-how-it-works.php on line 31
[27-Sep-2023 10:38:48 UTC] PHP Warning:  Trying to access array offset on value of type null in /Users/akramtello/Local Sites/fundedn/app/public/wp-content/themes/fundedx/blocks/module-how-it-works.php on line 31
[27-Sep-2023 10:38:48 UTC] PHP Warning:  Trying to access array offset on value of type null in /Users/akramtello/Local Sites/fundedn/app/public/wp-content/themes/fundedx/blocks/module-how-it-works.php on line 31
[27-Sep-2023 10:38:56 UTC] PHP Warning:  Trying to access array offset on value of type null in /Users/akramtello/Local Sites/fundedn/app/public/wp-content/themes/fundedx/blocks/module-how-it-works.php on line 31
[27-Sep-2023 10:38:56 UTC] PHP Warning:  Trying to access array offset on value of type null in /Users/akramtello/Local Sites/fundedn/app/public/wp-content/themes/fundedx/blocks/module-how-it-works.php on line 31
[27-Sep-2023 10:50:37 UTC] PHP Warning:  Trying to access array offset on value of type null in /Users/akramtello/Local Sites/fundedn/app/public/wp-content/themes/fundedx/blocks/module-how-it-works.php on line 31
[27-Sep-2023 10:50:37 UTC] PHP Warning:  Trying to access array offset on value of type null in /Users/akramtello/Local Sites/fundedn/app/public/wp-content/themes/fundedx/blocks/module-how-it-works.php on line 31
[27-Sep-2023 11:13:41 UTC] PHP Warning:  Trying to access array offset on value of type null in /Users/akramtello/Local Sites/fundedn/app/public/wp-content/themes/fundedx/blocks/module-how-it-works.php on line 31
[27-Sep-2023 11:13:41 UTC] PHP Warning:  Trying to access array offset on value of type null in /Users/akramtello/Local Sites/fundedn/app/public/wp-content/themes/fundedx/blocks/module-how-it-works.php on line 31
[27-Sep-2023 11:13:53 UTC] PHP Warning:  Trying to access array offset on value of type null in /Users/akramtello/Local Sites/fundedn/app/public/wp-content/themes/fundedx/blocks/module-how-it-works.php on line 31
[27-Sep-2023 11:13:53 UTC] PHP Warning:  Trying to access array offset on value of type null in /Users/akramtello/Local Sites/fundedn/app/public/wp-content/themes/fundedx/blocks/module-how-it-works.php on line 31
[27-Sep-2023 11:14:20 UTC] PHP Warning:  Trying to access array offset on value of type null in /Users/akramtello/Local Sites/fundedn/app/public/wp-content/themes/fundedx/blocks/module-how-it-works.php on line 31
[27-Sep-2023 11:14:20 UTC] PHP Warning:  Trying to access array offset on value of type null in /Users/akramtello/Local Sites/fundedn/app/public/wp-content/themes/fundedx/blocks/module-how-it-works.php on line 31
[27-Sep-2023 11:16:43 UTC] PHP Warning:  Trying to access array offset on value of type null in /Users/akramtello/Local Sites/fundedn/app/public/wp-content/themes/fundedx/blocks/module-how-it-works.php on line 31
[27-Sep-2023 11:16:43 UTC] PHP Warning:  Trying to access array offset on value of type null in /Users/akramtello/Local Sites/fundedn/app/public/wp-content/themes/fundedx/blocks/module-how-it-works.php on line 31
[27-Sep-2023 11:39:34 UTC] PHP Warning:  Trying to access array offset on value of type null in /Users/akramtello/Local Sites/fundedn/app/public/wp-content/themes/fundedx/blocks/module-how-it-works.php on line 31
[27-Sep-2023 11:39:34 UTC] PHP Warning:  Trying to access array offset on value of type null in /Users/akramtello/Local Sites/fundedn/app/public/wp-content/themes/fundedx/blocks/module-how-it-works.php on line 31
[27-Sep-2023 14:03:25 UTC] PHP Warning:  Trying to access array offset on value of type null in /Users/akramtello/Local Sites/fundedn/app/public/wp-content/themes/fundedx/blocks/module-how-it-works.php on line 31
[27-Sep-2023 14:03:25 UTC] PHP Warning:  Trying to access array offset on value of type null in /Users/akramtello/Local Sites/fundedn/app/public/wp-content/themes/fundedx/blocks/module-how-it-works.php on line 31
[28-Sep-2023 03:23:39 UTC] Cron reschedule event error for hook: action_scheduler_run_queue, Error code: invalid_schedule, Error message: Event schedule does not exist., Data: {"schedule":"every_minute","args":["WP Cron"],"interval":60}
[28-Sep-2023 03:42:08 UTC] Cron reschedule event error for hook: wp_nf_update_fields_cron, Error code: invalid_schedule, Error message: Event schedule does not exist., Data: {"schedule":"wp_nf_update_fields_cron_interval","args":[],"interval":300}
[28-Sep-2023 03:42:46 UTC] PHP Warning:  Undefined array key "seq_num" in /Users/akramtello/Local Sites/fundedn/app/public/wp-content/plugins/ninja-forms/includes/Admin/Processes/ImportForm.php on line 271
[28-Sep-2023 03:42:46 UTC] PHP Warning:  Undefined array key "seq_num" in /Users/akramtello/Local Sites/fundedn/app/public/wp-content/plugins/ninja-forms/includes/Admin/Processes/ImportForm.php on line 272
[28-Sep-2023 03:42:46 UTC] PHP Warning:  Undefined array key "updated_at" in /Users/akramtello/Local Sites/fundedn/app/public/wp-content/plugins/ninja-forms/includes/Admin/Processes/ImportForm.php on line 359
[28-Sep-2023 03:42:46 UTC] PHP Warning:  Undefined array key "updated_at" in /Users/akramtello/Local Sites/fundedn/app/public/wp-content/plugins/ninja-forms/includes/Admin/Processes/ImportForm.php on line 360
[28-Sep-2023 03:42:46 UTC] PHP Warning:  Undefined array key "updated_at" in /Users/akramtello/Local Sites/fundedn/app/public/wp-content/plugins/ninja-forms/includes/Admin/Processes/ImportForm.php on line 359
[28-Sep-2023 03:42:46 UTC] PHP Warning:  Undefined array key "updated_at" in /Users/akramtello/Local Sites/fundedn/app/public/wp-content/plugins/ninja-forms/includes/Admin/Processes/ImportForm.php on line 360
[28-Sep-2023 03:42:46 UTC] PHP Warning:  Undefined array key "updated_at" in /Users/akramtello/Local Sites/fundedn/app/public/wp-content/plugins/ninja-forms/includes/Admin/Processes/ImportForm.php on line 359
[28-Sep-2023 03:42:46 UTC] PHP Warning:  Undefined array key "updated_at" in /Users/akramtello/Local Sites/fundedn/app/public/wp-content/plugins/ninja-forms/includes/Admin/Processes/ImportForm.php on line 360
[28-Sep-2023 03:42:46 UTC] PHP Warning:  Undefined array key "updated_at" in /Users/akramtello/Local Sites/fundedn/app/public/wp-content/plugins/ninja-forms/includes/Admin/Processes/ImportForm.php on line 359
[28-Sep-2023 03:42:46 UTC] PHP Warning:  Undefined array key "updated_at" in /Users/akramtello/Local Sites/fundedn/app/public/wp-content/plugins/ninja-forms/includes/Admin/Processes/ImportForm.php on line 360
[28-Sep-2023 03:42:47 UTC] PHP Warning:  Undefined array key "id" in /Users/akramtello/Local Sites/fundedn/app/public/wp-content/plugins/ninja-forms/includes/Admin/Processes/ImportForm.php on line 456
[28-Sep-2023 03:42:47 UTC] PHP Warning:  Undefined array key "id" in /Users/akramtello/Local Sites/fundedn/app/public/wp-content/plugins/ninja-forms/includes/Admin/Processes/ImportForm.php on line 457
[28-Sep-2023 03:42:47 UTC] PHP Warning:  Undefined array key "personally_identifiable" in /Users/akramtello/Local Sites/fundedn/app/public/wp-content/plugins/ninja-forms/includes/Admin/Processes/ImportForm.php on line 456
[28-Sep-2023 03:42:47 UTC] PHP Warning:  Undefined array key "personally_identifiable" in /Users/akramtello/Local Sites/fundedn/app/public/wp-content/plugins/ninja-forms/includes/Admin/Processes/ImportForm.php on line 457
[28-Sep-2023 03:42:47 UTC] PHP Warning:  Undefined array key "id" in /Users/akramtello/Local Sites/fundedn/app/public/wp-content/plugins/ninja-forms/includes/Admin/Processes/ImportForm.php on line 456
[28-Sep-2023 03:42:47 UTC] PHP Warning:  Undefined array key "id" in /Users/akramtello/Local Sites/fundedn/app/public/wp-content/plugins/ninja-forms/includes/Admin/Processes/ImportForm.php on line 457
[28-Sep-2023 03:42:47 UTC] PHP Warning:  Undefined array key "personally_identifiable" in /Users/akramtello/Local Sites/fundedn/app/public/wp-content/plugins/ninja-forms/includes/Admin/Processes/ImportForm.php on line 456
[28-Sep-2023 03:42:47 UTC] PHP Warning:  Undefined array key "personally_identifiable" in /Users/akramtello/Local Sites/fundedn/app/public/wp-content/plugins/ninja-forms/includes/Admin/Processes/ImportForm.php on line 457
[28-Sep-2023 03:42:47 UTC] PHP Warning:  Undefined array key "id" in /Users/akramtello/Local Sites/fundedn/app/public/wp-content/plugins/ninja-forms/includes/Admin/Processes/ImportForm.php on line 456
[28-Sep-2023 03:42:47 UTC] PHP Warning:  Undefined array key "id" in /Users/akramtello/Local Sites/fundedn/app/public/wp-content/plugins/ninja-forms/includes/Admin/Processes/ImportForm.php on line 457
[28-Sep-2023 03:42:47 UTC] PHP Warning:  Undefined array key "personally_identifiable" in /Users/akramtello/Local Sites/fundedn/app/public/wp-content/plugins/ninja-forms/includes/Admin/Processes/ImportForm.php on line 456
[28-Sep-2023 03:42:47 UTC] PHP Warning:  Undefined array key "personally_identifiable" in /Users/akramtello/Local Sites/fundedn/app/public/wp-content/plugins/ninja-forms/includes/Admin/Processes/ImportForm.php on line 457
[28-Sep-2023 03:42:47 UTC] PHP Warning:  Undefined array key "id" in /Users/akramtello/Local Sites/fundedn/app/public/wp-content/plugins/ninja-forms/includes/Admin/Processes/ImportForm.php on line 456
[28-Sep-2023 03:42:47 UTC] PHP Warning:  Undefined array key "id" in /Users/akramtello/Local Sites/fundedn/app/public/wp-content/plugins/ninja-forms/includes/Admin/Processes/ImportForm.php on line 457
[28-Sep-2023 03:42:47 UTC] PHP Warning:  Undefined array key "required" in /Users/akramtello/Local Sites/fundedn/app/public/wp-content/plugins/ninja-forms/includes/Admin/Processes/ImportForm.php on line 456
[28-Sep-2023 03:42:47 UTC] PHP Warning:  Undefined array key "required" in /Users/akramtello/Local Sites/fundedn/app/public/wp-content/plugins/ninja-forms/includes/Admin/Processes/ImportForm.php on line 457
[28-Sep-2023 03:42:47 UTC] PHP Warning:  Undefined array key "default" in /Users/akramtello/Local Sites/fundedn/app/public/wp-content/plugins/ninja-forms/includes/Admin/Processes/ImportForm.php on line 456
[28-Sep-2023 03:42:47 UTC] PHP Warning:  Undefined array key "default" in /Users/akramtello/Local Sites/fundedn/app/public/wp-content/plugins/ninja-forms/includes/Admin/Processes/ImportForm.php on line 457
[28-Sep-2023 03:42:47 UTC] PHP Warning:  Undefined array key "label_pos" in /Users/akramtello/Local Sites/fundedn/app/public/wp-content/plugins/ninja-forms/includes/Admin/Processes/ImportForm.php on line 456
[28-Sep-2023 03:42:47 UTC] PHP Warning:  Undefined array key "label_pos" in /Users/akramtello/Local Sites/fundedn/app/public/wp-content/plugins/ninja-forms/includes/Admin/Processes/ImportForm.php on line 457
[28-Sep-2023 03:42:47 UTC] PHP Warning:  Undefined array key "personally_identifiable" in /Users/akramtello/Local Sites/fundedn/app/public/wp-content/plugins/ninja-forms/includes/Admin/Processes/ImportForm.php on line 456
[28-Sep-2023 03:42:47 UTC] PHP Warning:  Undefined array key "personally_identifiable" in /Users/akramtello/Local Sites/fundedn/app/public/wp-content/plugins/ninja-forms/includes/Admin/Processes/ImportForm.php on line 457
[28-Sep-2023 03:42:52 UTC] PHP Warning:  Undefined array key "vertical" in /Users/akramtello/Local Sites/fundedn/app/public/wp-content/themes/fundedx/blocks/module-page-header.php on line 15
[28-Sep-2023 03:42:52 UTC] PHP Warning:  Trying to access array offset on value of type null in /Users/akramtello/Local Sites/fundedn/app/public/wp-content/themes/fundedx/blocks/module-how-it-works.php on line 31
[28-Sep-2023 03:42:52 UTC] PHP Warning:  Trying to access array offset on value of type null in /Users/akramtello/Local Sites/fundedn/app/public/wp-content/themes/fundedx/blocks/module-how-it-works.php on line 31
[28-Sep-2023 03:46:18 UTC] PHP Warning:  Undefined array key "vertical" in /Users/akramtello/Local Sites/fundedn/app/public/wp-content/themes/fundedx/blocks/module-page-header.php on line 15
[28-Sep-2023 03:46:18 UTC] PHP Warning:  Trying to access array offset on value of type null in /Users/akramtello/Local Sites/fundedn/app/public/wp-content/themes/fundedx/blocks/module-how-it-works.php on line 31
[28-Sep-2023 03:46:18 UTC] PHP Warning:  Trying to access array offset on value of type null in /Users/akramtello/Local Sites/fundedn/app/public/wp-content/themes/fundedx/blocks/module-how-it-works.php on line 31
[28-Sep-2023 03:52:52 UTC] Cron reschedule event error for hook: action_scheduler_run_queue, Error code: invalid_schedule, Error message: Event schedule does not exist., Data: {"schedule":"every_minute","args":["WP Cron"],"interval":60}
[28-Sep-2023 04:00:55 UTC] PHP Warning:  Trying to access array offset on value of type null in /Users/akramtello/Local Sites/fundedn/app/public/wp-content/themes/fundedx/blocks/module-how-it-works.php on line 31
[28-Sep-2023 04:00:55 UTC] PHP Warning:  Trying to access array offset on value of type null in /Users/akramtello/Local Sites/fundedn/app/public/wp-content/themes/fundedx/blocks/module-how-it-works.php on line 31
[28-Sep-2023 04:09:36 UTC] PHP Warning:  Trying to access array offset on value of type null in /Users/akramtello/Local Sites/fundedn/app/public/wp-content/themes/fundedx/blocks/module-how-it-works.php on line 31
[28-Sep-2023 04:09:36 UTC] PHP Warning:  Trying to access array offset on value of type null in /Users/akramtello/Local Sites/fundedn/app/public/wp-content/themes/fundedx/blocks/module-how-it-works.php on line 31
[28-Sep-2023 06:17:28 UTC] PHP Warning:  Trying to access array offset on value of type null in /Users/akramtello/Local Sites/fundedn/app/public/wp-content/themes/fundedx/blocks/module-how-it-works.php on line 31
[28-Sep-2023 06:17:28 UTC] PHP Warning:  Trying to access array offset on value of type null in /Users/akramtello/Local Sites/fundedn/app/public/wp-content/themes/fundedx/blocks/module-how-it-works.php on line 31
[28-Sep-2023 06:22:53 UTC] PHP Warning:  Undefined array key "url" in /Users/akramtello/Local Sites/fundedn/app/public/wp-content/themes/fundedx/blocks/module-contact-form.php on line 9
[28-Sep-2023 06:30:46 UTC] PHP Warning:  Trying to access array offset on value of type bool in /Users/akramtello/Local Sites/fundedn/app/public/wp-content/themes/fundedx/blocks/module-text-with-media.php on line 26
[28-Sep-2023 06:30:46 UTC] PHP Warning:  Trying to access array offset on value of type bool in /Users/akramtello/Local Sites/fundedn/app/public/wp-content/themes/fundedx/blocks/module-text-with-media.php on line 31
[28-Sep-2023 06:31:12 UTC] PHP Warning:  Trying to access array offset on value of type bool in /Users/akramtello/Local Sites/fundedn/app/public/wp-content/themes/fundedx/blocks/module-text-with-media.php on line 26
[28-Sep-2023 06:31:12 UTC] PHP Warning:  Trying to access array offset on value of type bool in /Users/akramtello/Local Sites/fundedn/app/public/wp-content/themes/fundedx/blocks/module-text-with-media.php on line 31
[28-Sep-2023 06:56:57 UTC] PHP Warning:  Trying to access array offset on value of type null in /Users/akramtello/Local Sites/fundedn/app/public/wp-content/themes/fundedx/blocks/module-how-it-works.php on line 31
[28-Sep-2023 06:56:57 UTC] PHP Warning:  Trying to access array offset on value of type null in /Users/akramtello/Local Sites/fundedn/app/public/wp-content/themes/fundedx/blocks/module-how-it-works.php on line 31
[28-Sep-2023 06:59:36 UTC] PHP Warning:  Trying to access array offset on value of type null in /Users/akramtello/Local Sites/fundedn/app/public/wp-content/themes/fundedx/blocks/module-how-it-works.php on line 31
[28-Sep-2023 06:59:36 UTC] PHP Warning:  Trying to access array offset on value of type null in /Users/akramtello/Local Sites/fundedn/app/public/wp-content/themes/fundedx/blocks/module-how-it-works.php on line 31
[28-Sep-2023 07:00:10 UTC] PHP Warning:  Trying to access array offset on value of type null in /Users/akramtello/Local Sites/fundedn/app/public/wp-content/themes/fundedx/blocks/module-how-it-works.php on line 31
[28-Sep-2023 07:00:10 UTC] PHP Warning:  Trying to access array offset on value of type null in /Users/akramtello/Local Sites/fundedn/app/public/wp-content/themes/fundedx/blocks/module-how-it-works.php on line 31
[28-Sep-2023 07:00:25 UTC] PHP Warning:  Trying to access array offset on value of type null in /Users/akramtello/Local Sites/fundedn/app/public/wp-content/themes/fundedx/blocks/module-how-it-works.php on line 31
[28-Sep-2023 07:00:25 UTC] PHP Warning:  Trying to access array offset on value of type null in /Users/akramtello/Local Sites/fundedn/app/public/wp-content/themes/fundedx/blocks/module-how-it-works.php on line 31
[28-Sep-2023 08:14:01 UTC] PHP Warning:  Trying to access array offset on value of type null in /Users/akramtello/Local Sites/fundedn/app/public/wp-content/themes/fundedx/blocks/module-how-it-works.php on line 31
[28-Sep-2023 08:14:01 UTC] PHP Warning:  Trying to access array offset on value of type null in /Users/akramtello/Local Sites/fundedn/app/public/wp-content/themes/fundedx/blocks/module-how-it-works.php on line 31
[28-Sep-2023 08:31:14 UTC] PHP Warning:  Trying to access array offset on value of type int in /Users/akramtello/Local Sites/fundedn/app/public/wp-content/themes/fundedx/blocks/module-text-with-media.php on line 21
[28-Sep-2023 08:31:14 UTC] PHP Warning:  Trying to access array offset on value of type int in /Users/akramtello/Local Sites/fundedn/app/public/wp-content/themes/fundedx/blocks/module-text-with-media.php on line 21
[28-Sep-2023 08:31:17 UTC] PHP Warning:  Trying to access array offset on value of type int in /Users/akramtello/Local Sites/fundedn/app/public/wp-content/themes/fundedx/blocks/module-text-with-media.php on line 21
[28-Sep-2023 08:31:17 UTC] PHP Warning:  Trying to access array offset on value of type int in /Users/akramtello/Local Sites/fundedn/app/public/wp-content/themes/fundedx/blocks/module-text-with-media.php on line 21
[28-Sep-2023 08:36:44 UTC] PHP Warning:  Trying to access array offset on value of type null in /Users/akramtello/Local Sites/fundedn/app/public/wp-content/themes/fundedx/blocks/module-how-it-works.php on line 31
[28-Sep-2023 08:36:44 UTC] PHP Warning:  Trying to access array offset on value of type null in /Users/akramtello/Local Sites/fundedn/app/public/wp-content/themes/fundedx/blocks/module-how-it-works.php on line 31
[28-Sep-2023 08:38:51 UTC] PHP Warning:  Trying to access array offset on value of type null in /Users/akramtello/Local Sites/fundedn/app/public/wp-content/themes/fundedx/blocks/module-how-it-works.php on line 31
[28-Sep-2023 08:38:51 UTC] PHP Warning:  Trying to access array offset on value of type null in /Users/akramtello/Local Sites/fundedn/app/public/wp-content/themes/fundedx/blocks/module-how-it-works.php on line 31
[28-Sep-2023 08:43:17 UTC] PHP Warning:  Trying to access array offset on value of type bool in /Users/akramtello/Local Sites/fundedn/app/public/wp-content/themes/fundedx/blocks/module-text-with-media.php on line 41
[28-Sep-2023 08:43:17 UTC] PHP Warning:  Trying to access array offset on value of type bool in /Users/akramtello/Local Sites/fundedn/app/public/wp-content/themes/fundedx/blocks/module-text-with-media.php on line 46
[28-Sep-2023 08:44:09 UTC] PHP Warning:  Trying to access array offset on value of type bool in /Users/akramtello/Local Sites/fundedn/app/public/wp-content/themes/fundedx/blocks/module-text-with-media.php on line 41
[28-Sep-2023 08:44:09 UTC] PHP Warning:  Trying to access array offset on value of type bool in /Users/akramtello/Local Sites/fundedn/app/public/wp-content/themes/fundedx/blocks/module-text-with-media.php on line 46
[28-Sep-2023 08:44:28 UTC] PHP Warning:  Trying to access array offset on value of type bool in /Users/akramtello/Local Sites/fundedn/app/public/wp-content/themes/fundedx/blocks/module-text-with-media.php on line 41
[28-Sep-2023 08:44:28 UTC] PHP Warning:  Trying to access array offset on value of type bool in /Users/akramtello/Local Sites/fundedn/app/public/wp-content/themes/fundedx/blocks/module-text-with-media.php on line 46
[28-Sep-2023 08:44:31 UTC] PHP Warning:  Trying to access array offset on value of type bool in /Users/akramtello/Local Sites/fundedn/app/public/wp-content/themes/fundedx/blocks/module-text-with-media.php on line 41
[28-Sep-2023 08:44:31 UTC] PHP Warning:  Trying to access array offset on value of type bool in /Users/akramtello/Local Sites/fundedn/app/public/wp-content/themes/fundedx/blocks/module-text-with-media.php on line 46
[28-Sep-2023 08:47:19 UTC] PHP Warning:  Trying to access array offset on value of type null in /Users/akramtello/Local Sites/fundedn/app/public/wp-content/themes/fundedx/blocks/module-how-it-works.php on line 31
[28-Sep-2023 08:47:19 UTC] PHP Warning:  Trying to access array offset on value of type null in /Users/akramtello/Local Sites/fundedn/app/public/wp-content/themes/fundedx/blocks/module-how-it-works.php on line 31
[28-Sep-2023 08:47:22 UTC] PHP Warning:  Trying to access array offset on value of type bool in /Users/akramtello/Local Sites/fundedn/app/public/wp-content/themes/fundedx/blocks/module-text-with-media.php on line 41
[28-Sep-2023 08:47:22 UTC] PHP Warning:  Trying to access array offset on value of type bool in /Users/akramtello/Local Sites/fundedn/app/public/wp-content/themes/fundedx/blocks/module-text-with-media.php on line 46
[28-Sep-2023 08:51:07 UTC] PHP Warning:  Trying to access array offset on value of type bool in /Users/akramtello/Local Sites/fundedn/app/public/wp-content/themes/fundedx/blocks/module-text-with-media.php on line 41
[28-Sep-2023 08:51:07 UTC] PHP Warning:  Trying to access array offset on value of type bool in /Users/akramtello/Local Sites/fundedn/app/public/wp-content/themes/fundedx/blocks/module-text-with-media.php on line 46
[28-Sep-2023 08:52:02 UTC] PHP Warning:  Trying to access array offset on value of type bool in /Users/akramtello/Local Sites/fundedn/app/public/wp-content/themes/fundedx/blocks/module-text-with-media.php on line 41
[28-Sep-2023 08:52:02 UTC] PHP Warning:  Trying to access array offset on value of type bool in /Users/akramtello/Local Sites/fundedn/app/public/wp-content/themes/fundedx/blocks/module-text-with-media.php on line 46
[28-Sep-2023 08:52:41 UTC] PHP Warning:  Trying to access array offset on value of type null in /Users/akramtello/Local Sites/fundedn/app/public/wp-content/themes/fundedx/blocks/module-how-it-works.php on line 31
[28-Sep-2023 08:52:41 UTC] PHP Warning:  Trying to access array offset on value of type null in /Users/akramtello/Local Sites/fundedn/app/public/wp-content/themes/fundedx/blocks/module-how-it-works.php on line 31
[28-Sep-2023 10:34:52 UTC] PHP Warning:  Trying to access array offset on value of type null in /Users/akramtello/Local Sites/fundedn/app/public/wp-content/themes/fundedx/blocks/module-how-it-works.php on line 31
[28-Sep-2023 10:34:52 UTC] PHP Warning:  Trying to access array offset on value of type null in /Users/akramtello/Local Sites/fundedn/app/public/wp-content/themes/fundedx/blocks/module-how-it-works.php on line 31
[28-Sep-2023 11:18:02 UTC] PHP Warning:  Trying to access array offset on value of type null in /Users/akramtello/Local Sites/fundedn/app/public/wp-content/themes/fundedx/blocks/module-how-it-works.php on line 31
[28-Sep-2023 11:18:02 UTC] PHP Warning:  Trying to access array offset on value of type null in /Users/akramtello/Local Sites/fundedn/app/public/wp-content/themes/fundedx/blocks/module-how-it-works.php on line 31
[28-Sep-2023 14:45:04 UTC] PHP Warning:  Trying to access array offset on value of type null in /Users/akramtello/Local Sites/fundedn/app/public/wp-content/themes/fundedx/blocks/module-how-it-works.php on line 31
[28-Sep-2023 14:45:04 UTC] PHP Warning:  Trying to access array offset on value of type null in /Users/akramtello/Local Sites/fundedn/app/public/wp-content/themes/fundedx/blocks/module-how-it-works.php on line 31
[29-Sep-2023 02:39:31 UTC] PHP Warning:  Trying to access array offset on value of type null in /Users/akramtello/Local Sites/fundedn/app/public/wp-content/themes/fundedx/blocks/module-how-it-works.php on line 31
[29-Sep-2023 02:39:31 UTC] PHP Warning:  Trying to access array offset on value of type null in /Users/akramtello/Local Sites/fundedn/app/public/wp-content/themes/fundedx/blocks/module-how-it-works.php on line 31
[29-Sep-2023 02:46:58 UTC] PHP Warning:  Trying to access array offset on value of type null in /Users/akramtello/Local Sites/fundedn/app/public/wp-content/themes/fundedx/blocks/module-how-it-works.php on line 31
[29-Sep-2023 02:46:58 UTC] PHP Warning:  Trying to access array offset on value of type null in /Users/akramtello/Local Sites/fundedn/app/public/wp-content/themes/fundedx/blocks/module-how-it-works.php on line 31
[29-Sep-2023 02:49:49 UTC] PHP Warning:  Trying to access array offset on value of type null in /Users/akramtello/Local Sites/fundedn/app/public/wp-content/themes/fundedx/blocks/module-how-it-works.php on line 31
[29-Sep-2023 02:49:49 UTC] PHP Warning:  Trying to access array offset on value of type null in /Users/akramtello/Local Sites/fundedn/app/public/wp-content/themes/fundedx/blocks/module-how-it-works.php on line 31
[29-Sep-2023 02:53:07 UTC] PHP Warning:  Trying to access array offset on value of type null in /Users/akramtello/Local Sites/fundedn/app/public/wp-content/themes/fundedx/blocks/module-how-it-works.php on line 31
[29-Sep-2023 02:53:07 UTC] PHP Warning:  Trying to access array offset on value of type null in /Users/akramtello/Local Sites/fundedn/app/public/wp-content/themes/fundedx/blocks/module-how-it-works.php on line 31
[29-Sep-2023 02:54:40 UTC] PHP Warning:  Trying to access array offset on value of type null in /Users/akramtello/Local Sites/fundedn/app/public/wp-content/themes/fundedx/blocks/module-how-it-works.php on line 31
[29-Sep-2023 02:54:40 UTC] PHP Warning:  Trying to access array offset on value of type null in /Users/akramtello/Local Sites/fundedn/app/public/wp-content/themes/fundedx/blocks/module-how-it-works.php on line 31
[29-Sep-2023 02:55:05 UTC] PHP Warning:  Trying to access array offset on value of type null in /Users/akramtello/Local Sites/fundedn/app/public/wp-content/themes/fundedx/blocks/module-how-it-works.php on line 31
[29-Sep-2023 02:55:05 UTC] PHP Warning:  Trying to access array offset on value of type null in /Users/akramtello/Local Sites/fundedn/app/public/wp-content/themes/fundedx/blocks/module-how-it-works.php on line 31
[29-Sep-2023 02:55:41 UTC] PHP Warning:  Trying to access array offset on value of type null in /Users/akramtello/Local Sites/fundedn/app/public/wp-content/themes/fundedx/blocks/module-how-it-works.php on line 31
[29-Sep-2023 02:55:41 UTC] PHP Warning:  Trying to access array offset on value of type null in /Users/akramtello/Local Sites/fundedn/app/public/wp-content/themes/fundedx/blocks/module-how-it-works.php on line 31
[30-Sep-2023 12:34:56 UTC] PHP Warning:  An unexpected error occurred. Something may be wrong with WordPress.org or this server&#8217;s configuration. If you continue to have problems, please try the <a href="https://wordpress.org/support/forums/">support forums</a>. (WordPress could not establish a secure connection to WordPress.org. Please contact your server administrator.) in /Users/akramtello/Local Sites/fundedn/app/public/wp-includes/update.php on line 730
[02-Oct-2023 01:50:11 UTC] PHP Warning:  Trying to access array offset on value of type null in /Users/akramtello/Local Sites/fundedn/app/public/wp-content/themes/fundedx/blocks/module-how-it-works.php on line 31
[02-Oct-2023 01:50:11 UTC] PHP Warning:  Trying to access array offset on value of type null in /Users/akramtello/Local Sites/fundedn/app/public/wp-content/themes/fundedx/blocks/module-how-it-works.php on line 31
[02-Oct-2023 04:09:36 UTC] PHP Warning:  Trying to access array offset on value of type null in /Users/akramtello/Local Sites/fundedn/app/public/wp-content/themes/fundedx/blocks/module-how-it-works.php on line 31
[02-Oct-2023 04:09:36 UTC] PHP Warning:  Trying to access array offset on value of type null in /Users/akramtello/Local Sites/fundedn/app/public/wp-content/themes/fundedx/blocks/module-how-it-works.php on line 31
[02-Oct-2023 04:09:53 UTC] PHP Warning:  Trying to access array offset on value of type null in /Users/akramtello/Local Sites/fundedn/app/public/wp-content/themes/fundedx/blocks/module-how-it-works.php on line 31
[02-Oct-2023 04:09:53 UTC] PHP Warning:  Trying to access array offset on value of type null in /Users/akramtello/Local Sites/fundedn/app/public/wp-content/themes/fundedx/blocks/module-how-it-works.php on line 31
[02-Oct-2023 04:10:04 UTC] PHP Warning:  Trying to access array offset on value of type null in /Users/akramtello/Local Sites/fundedn/app/public/wp-content/themes/fundedx/blocks/module-how-it-works.php on line 31
[02-Oct-2023 04:10:04 UTC] PHP Warning:  Trying to access array offset on value of type null in /Users/akramtello/Local Sites/fundedn/app/public/wp-content/themes/fundedx/blocks/module-how-it-works.php on line 31
[02-Oct-2023 04:10:58 UTC] PHP Warning:  Trying to access array offset on value of type null in /Users/akramtello/Local Sites/fundedn/app/public/wp-content/themes/fundedx/blocks/module-how-it-works.php on line 31
[02-Oct-2023 04:10:58 UTC] PHP Warning:  Trying to access array offset on value of type null in /Users/akramtello/Local Sites/fundedn/app/public/wp-content/themes/fundedx/blocks/module-how-it-works.php on line 31
[02-Oct-2023 04:36:18 UTC] PHP Warning:  Trying to access array offset on value of type null in /Users/akramtello/Local Sites/fundedn/app/public/wp-content/themes/fundedx/blocks/module-how-it-works.php on line 31
[02-Oct-2023 04:36:18 UTC] PHP Warning:  Trying to access array offset on value of type null in /Users/akramtello/Local Sites/fundedn/app/public/wp-content/themes/fundedx/blocks/module-how-it-works.php on line 31
[02-Oct-2023 04:36:24 UTC] PHP Warning:  Trying to access array offset on value of type null in /Users/akramtello/Local Sites/fundedn/app/public/wp-content/themes/fundedx/blocks/module-how-it-works.php on line 31
[02-Oct-2023 04:36:24 UTC] PHP Warning:  Trying to access array offset on value of type null in /Users/akramtello/Local Sites/fundedn/app/public/wp-content/themes/fundedx/blocks/module-how-it-works.php on line 31
[02-Oct-2023 04:39:41 UTC] PHP Warning:  Trying to access array offset on value of type null in /Users/akramtello/Local Sites/fundedn/app/public/wp-content/themes/fundedx/blocks/module-how-it-works.php on line 31
[02-Oct-2023 04:39:41 UTC] PHP Warning:  Trying to access array offset on value of type null in /Users/akramtello/Local Sites/fundedn/app/public/wp-content/themes/fundedx/blocks/module-how-it-works.php on line 31
[02-Oct-2023 04:39:41 UTC] PHP Warning:  Trying to access array offset on value of type null in /Users/akramtello/Local Sites/fundedn/app/public/wp-content/themes/fundedx/blocks/module-how-it-works.php on line 31
[02-Oct-2023 04:39:41 UTC] PHP Warning:  Trying to access array offset on value of type null in /Users/akramtello/Local Sites/fundedn/app/public/wp-content/themes/fundedx/blocks/module-how-it-works.php on line 31
[02-Oct-2023 04:40:30 UTC] PHP Warning:  Trying to access array offset on value of type null in /Users/akramtello/Local Sites/fundedn/app/public/wp-content/themes/fundedx/blocks/module-how-it-works.php on line 31
[02-Oct-2023 04:40:30 UTC] PHP Warning:  Trying to access array offset on value of type null in /Users/akramtello/Local Sites/fundedn/app/public/wp-content/themes/fundedx/blocks/module-how-it-works.php on line 31
[02-Oct-2023 04:40:31 UTC] PHP Warning:  Trying to access array offset on value of type null in /Users/akramtello/Local Sites/fundedn/app/public/wp-content/themes/fundedx/blocks/module-how-it-works.php on line 31
[02-Oct-2023 04:40:31 UTC] PHP Warning:  Trying to access array offset on value of type null in /Users/akramtello/Local Sites/fundedn/app/public/wp-content/themes/fundedx/blocks/module-how-it-works.php on line 31
[02-Oct-2023 04:40:53 UTC] PHP Warning:  Trying to access array offset on value of type null in /Users/akramtello/Local Sites/fundedn/app/public/wp-content/themes/fundedx/blocks/module-how-it-works.php on line 31
[02-Oct-2023 04:40:53 UTC] PHP Warning:  Trying to access array offset on value of type null in /Users/akramtello/Local Sites/fundedn/app/public/wp-content/themes/fundedx/blocks/module-how-it-works.php on line 31
[02-Oct-2023 04:40:55 UTC] PHP Warning:  Trying to access array offset on value of type null in /Users/akramtello/Local Sites/fundedn/app/public/wp-content/themes/fundedx/blocks/module-how-it-works.php on line 31
[02-Oct-2023 04:40:55 UTC] PHP Warning:  Trying to access array offset on value of type null in /Users/akramtello/Local Sites/fundedn/app/public/wp-content/themes/fundedx/blocks/module-how-it-works.php on line 31
[02-Oct-2023 04:40:55 UTC] PHP Warning:  Trying to access array offset on value of type null in /Users/akramtello/Local Sites/fundedn/app/public/wp-content/themes/fundedx/blocks/module-how-it-works.php on line 31
[02-Oct-2023 04:40:55 UTC] PHP Warning:  Trying to access array offset on value of type null in /Users/akramtello/Local Sites/fundedn/app/public/wp-content/themes/fundedx/blocks/module-how-it-works.php on line 31
[02-Oct-2023 04:41:53 UTC] PHP Warning:  Trying to access array offset on value of type null in /Users/akramtello/Local Sites/fundedn/app/public/wp-content/themes/fundedx/blocks/module-how-it-works.php on line 31
[02-Oct-2023 04:41:53 UTC] PHP Warning:  Trying to access array offset on value of type null in /Users/akramtello/Local Sites/fundedn/app/public/wp-content/themes/fundedx/blocks/module-how-it-works.php on line 31
[02-Oct-2023 04:41:56 UTC] PHP Warning:  Trying to access array offset on value of type null in /Users/akramtello/Local Sites/fundedn/app/public/wp-content/themes/fundedx/blocks/module-how-it-works.php on line 31
[02-Oct-2023 04:41:56 UTC] PHP Warning:  Trying to access array offset on value of type null in /Users/akramtello/Local Sites/fundedn/app/public/wp-content/themes/fundedx/blocks/module-how-it-works.php on line 31
[02-Oct-2023 04:42:06 UTC] PHP Warning:  Trying to access array offset on value of type null in /Users/akramtello/Local Sites/fundedn/app/public/wp-content/themes/fundedx/blocks/module-how-it-works.php on line 31
[02-Oct-2023 04:42:06 UTC] PHP Warning:  Trying to access array offset on value of type null in /Users/akramtello/Local Sites/fundedn/app/public/wp-content/themes/fundedx/blocks/module-how-it-works.php on line 31
[02-Oct-2023 04:42:07 UTC] PHP Warning:  Trying to access array offset on value of type null in /Users/akramtello/Local Sites/fundedn/app/public/wp-content/themes/fundedx/blocks/module-how-it-works.php on line 31
[02-Oct-2023 04:42:07 UTC] PHP Warning:  Trying to access array offset on value of type null in /Users/akramtello/Local Sites/fundedn/app/public/wp-content/themes/fundedx/blocks/module-how-it-works.php on line 31
[02-Oct-2023 04:45:02 UTC] PHP Warning:  Trying to access array offset on value of type int in /Users/akramtello/Local Sites/fundedn/app/public/wp-content/themes/fundedx/blocks/module-testimonial.php on line 175
[02-Oct-2023 04:45:02 UTC] PHP Warning:  Trying to access array offset on value of type int in /Users/akramtello/Local Sites/fundedn/app/public/wp-content/themes/fundedx/blocks/module-testimonial.php on line 175
[02-Oct-2023 04:45:06 UTC] PHP Warning:  Trying to access array offset on value of type int in /Users/akramtello/Local Sites/fundedn/app/public/wp-content/themes/fundedx/blocks/module-testimonial.php on line 175
[02-Oct-2023 04:45:06 UTC] PHP Warning:  Trying to access array offset on value of type int in /Users/akramtello/Local Sites/fundedn/app/public/wp-content/themes/fundedx/blocks/module-testimonial.php on line 175
[02-Oct-2023 04:45:07 UTC] PHP Warning:  Trying to access array offset on value of type int in /Users/akramtello/Local Sites/fundedn/app/public/wp-content/themes/fundedx/blocks/module-testimonial.php on line 175
[02-Oct-2023 04:45:07 UTC] PHP Warning:  Trying to access array offset on value of type int in /Users/akramtello/Local Sites/fundedn/app/public/wp-content/themes/fundedx/blocks/module-testimonial.php on line 175
[02-Oct-2023 15:42:09 UTC] PHP Warning:  Trying to access array offset on value of type null in /Users/akramtello/Local Sites/fundedn/app/public/wp-content/themes/fundedx/blocks/module-how-it-works.php on line 31
[02-Oct-2023 15:42:09 UTC] PHP Warning:  Trying to access array offset on value of type null in /Users/akramtello/Local Sites/fundedn/app/public/wp-content/themes/fundedx/blocks/module-how-it-works.php on line 31
[02-Oct-2023 15:51:51 UTC] PHP Warning:  Trying to access array offset on value of type null in /Users/akramtello/Local Sites/fundedn/app/public/wp-content/themes/fundedx/blocks/module-how-it-works.php on line 31
[02-Oct-2023 15:51:51 UTC] PHP Warning:  Trying to access array offset on value of type null in /Users/akramtello/Local Sites/fundedn/app/public/wp-content/themes/fundedx/blocks/module-how-it-works.php on line 31
[02-Oct-2023 15:51:58 UTC] PHP Warning:  Trying to access array offset on value of type null in /Users/akramtello/Local Sites/fundedn/app/public/wp-content/themes/fundedx/blocks/module-how-it-works.php on line 31
[02-Oct-2023 15:51:58 UTC] PHP Warning:  Trying to access array offset on value of type null in /Users/akramtello/Local Sites/fundedn/app/public/wp-content/themes/fundedx/blocks/module-how-it-works.php on line 31
[02-Oct-2023 15:53:18 UTC] PHP Warning:  Trying to access array offset on value of type null in /Users/akramtello/Local Sites/fundedn/app/public/wp-content/themes/fundedx/blocks/module-how-it-works.php on line 31
[02-Oct-2023 15:53:18 UTC] PHP Warning:  Trying to access array offset on value of type null in /Users/akramtello/Local Sites/fundedn/app/public/wp-content/themes/fundedx/blocks/module-how-it-works.php on line 31
[02-Oct-2023 16:43:48 UTC] PHP Warning:  Trying to access array offset on value of type null in /Users/akramtello/Local Sites/fundedn/app/public/wp-content/themes/fundedx/blocks/module-how-it-works.php on line 31
[02-Oct-2023 16:43:48 UTC] PHP Warning:  Trying to access array offset on value of type null in /Users/akramtello/Local Sites/fundedn/app/public/wp-content/themes/fundedx/blocks/module-how-it-works.php on line 31
[02-Oct-2023 16:44:04 UTC] PHP Warning:  Trying to access array offset on value of type null in /Users/akramtello/Local Sites/fundedn/app/public/wp-content/themes/fundedx/blocks/module-how-it-works.php on line 31
[02-Oct-2023 16:44:04 UTC] PHP Warning:  Trying to access array offset on value of type null in /Users/akramtello/Local Sites/fundedn/app/public/wp-content/themes/fundedx/blocks/module-how-it-works.php on line 31
[02-Oct-2023 16:44:05 UTC] PHP Warning:  Trying to access array offset on value of type null in /Users/akramtello/Local Sites/fundedn/app/public/wp-content/themes/fundedx/blocks/module-how-it-works.php on line 31
[02-Oct-2023 16:44:05 UTC] PHP Warning:  Trying to access array offset on value of type null in /Users/akramtello/Local Sites/fundedn/app/public/wp-content/themes/fundedx/blocks/module-how-it-works.php on line 31
[02-Oct-2023 16:46:04 UTC] PHP Warning:  Trying to access array offset on value of type null in /Users/akramtello/Local Sites/fundedn/app/public/wp-content/themes/fundedx/blocks/module-how-it-works.php on line 31
[02-Oct-2023 16:46:04 UTC] PHP Warning:  Trying to access array offset on value of type null in /Users/akramtello/Local Sites/fundedn/app/public/wp-content/themes/fundedx/blocks/module-how-it-works.php on line 31
[02-Oct-2023 16:54:36 UTC] PHP Warning:  Trying to access array offset on value of type null in /Users/akramtello/Local Sites/fundedn/app/public/wp-content/themes/fundedx/blocks/module-how-it-works.php on line 31
[02-Oct-2023 16:54:36 UTC] PHP Warning:  Trying to access array offset on value of type null in /Users/akramtello/Local Sites/fundedn/app/public/wp-content/themes/fundedx/blocks/module-how-it-works.php on line 31
[02-Oct-2023 16:54:36 UTC] PHP Warning:  Trying to access array offset on value of type null in /Users/akramtello/Local Sites/fundedn/app/public/wp-content/themes/fundedx/blocks/module-how-it-works.php on line 31
[02-Oct-2023 16:54:36 UTC] PHP Warning:  Trying to access array offset on value of type null in /Users/akramtello/Local Sites/fundedn/app/public/wp-content/themes/fundedx/blocks/module-how-it-works.php on line 31
[02-Oct-2023 16:55:18 UTC] PHP Warning:  Trying to access array offset on value of type null in /Users/akramtello/Local Sites/fundedn/app/public/wp-content/themes/fundedx/blocks/module-how-it-works.php on line 31
[02-Oct-2023 16:55:18 UTC] PHP Warning:  Trying to access array offset on value of type null in /Users/akramtello/Local Sites/fundedn/app/public/wp-content/themes/fundedx/blocks/module-how-it-works.php on line 31
[03-Oct-2023 05:55:16 UTC] Cron reschedule event error for hook: forminator_general_data_protection_cleanup, Error code: could_not_set, Error message: The cron event list could not be saved., Data: {"schedule":"hourly","args":[],"interval":3600}
