[25-Sep-2023 15:47:54] NOTICE: fpm is running, pid 60687
[25-Sep-2023 15:47:54] NOTICE: ready to handle connections
[27-Sep-2023 15:23:54] NOTICE: Terminating ...
[27-Sep-2023 15:23:54] NOTICE: Terminating ...
[27-Sep-2023 15:23:54] NOTICE: exiting, bye-bye!
[27-Sep-2023 17:30:45] NOTICE: fpm is running, pid 6119
[27-Sep-2023 17:30:45] NOTICE: ready to handle connections
[28-Sep-2023 22:29:18] NOTICE: Terminating ...
[28-Sep-2023 22:29:18] NOTICE: Terminating ...
[28-Sep-2023 22:29:18] NOTICE: exiting, bye-bye!
[28-Sep-2023 22:44:58] NOTICE: fpm is running, pid 48936
[28-Sep-2023 22:44:58] NOTICE: ready to handle connections
[28-Sep-2023 22:45:14] NOTICE: Terminating ...
[28-Sep-2023 22:45:14] NOTICE: Terminating ...
[28-Sep-2023 22:45:14] NOTICE: exiting, bye-bye!
[29-Sep-2023 10:39:25] NOTICE: fpm is running, pid 59150
[29-Sep-2023 10:39:25] NOTICE: ready to handle connections
[12-Oct-2023 22:14:01] NOTICE: Terminating ...
[12-Oct-2023 22:14:01] NOTICE: Terminating ...
[12-Oct-2023 22:14:01] NOTICE: exiting, bye-bye!
[12-Oct-2023 22:16:35] NOTICE: fpm is running, pid 2857
[12-Oct-2023 22:16:35] NOTICE: ready to handle connections
[13-Oct-2023 21:14:33] NOTICE: Terminating ...
[13-Oct-2023 21:14:33] NOTICE: Terminating ...
[13-Oct-2023 21:14:33] NOTICE: exiting, bye-bye!
