2023-10-16T03:25:01+00:00 CRITICAL Uncaught WCPay\Exceptions\API_Exception: Your site host "localhost" is on a private network. Jetpack can only connect to public sites. in /Users/akramtello/Local Sites/fundedn/app/public/wp-content/plugins/woocommerce-payments/includes/wc-payment-api/class-wc-payments-http.php:194
Stack trace:
#0 /Users/akramtello/Local Sites/fundedn/app/public/wp-content/plugins/woocommerce-payments/includes/wc-payment-api/class-wc-payments-api-client.php(212): WC_Payments_Http->start_connection('http://localhos...')
#1 /Users/akramtello/Local Sites/fundedn/app/public/wp-content/plugins/woocommerce-payments/includes/class-wc-payments-account.php(1809): WC_Payments_API_Client->start_server_connection('http://localhos...')
#2 /Users/akramtello/Local Sites/fundedn/app/public/wp-content/plugins/woocommerce-payments/includes/class-wc-payments-account.php(910): WC_Payments_Account->redirect_to_onboarding_flow_page()
#3 /Users/akramtello/Local Sites/fundedn/app/public/wp-includes/class-wp-hook.php(310): WC_Payments_Account->maybe_handle_onboarding('')
#4 /Users/akramtello/Local Sites/fundedn/app/public/wp-includes/class-wp-hook.php(334): WP_Hook->apply_filters(NULL, Array)
#5 /Users/akramtello/Local Sites/fundedn/app/public/wp-includes/plugin.php(517): WP_Hook->do_action(Array)
#6 /Users/akramtello/Local Sites/fundedn/app/public/wp-admin/admin.php(175): do_action('admin_init')
#7 {main}
  thrown in /Users/akramtello/Local Sites/fundedn/app/public/wp-content/plugins/woocommerce-payments/includes/wc-payment-api/class-wc-payments-http.php on line 194

2023-10-16T03:25:07+00:00 CRITICAL Uncaught WCPay\Exceptions\API_Exception: Your site host "localhost" is on a private network. Jetpack can only connect to public sites. in /Users/akramtello/Local Sites/fundedn/app/public/wp-content/plugins/woocommerce-payments/includes/wc-payment-api/class-wc-payments-http.php:194
Stack trace:
#0 /Users/akramtello/Local Sites/fundedn/app/public/wp-content/plugins/woocommerce-payments/includes/wc-payment-api/class-wc-payments-api-client.php(212): WC_Payments_Http->start_connection('http://localhos...')
#1 /Users/akramtello/Local Sites/fundedn/app/public/wp-content/plugins/woocommerce-payments/includes/class-wc-payments-account.php(1809): WC_Payments_API_Client->start_server_connection('http://localhos...')
#2 /Users/akramtello/Local Sites/fundedn/app/public/wp-content/plugins/woocommerce-payments/includes/class-wc-payments-account.php(910): WC_Payments_Account->redirect_to_onboarding_flow_page()
#3 /Users/akramtello/Local Sites/fundedn/app/public/wp-includes/class-wp-hook.php(310): WC_Payments_Account->maybe_handle_onboarding('')
#4 /Users/akramtello/Local Sites/fundedn/app/public/wp-includes/class-wp-hook.php(334): WP_Hook->apply_filters(NULL, Array)
#5 /Users/akramtello/Local Sites/fundedn/app/public/wp-includes/plugin.php(517): WP_Hook->do_action(Array)
#6 /Users/akramtello/Local Sites/fundedn/app/public/wp-admin/admin.php(175): do_action('admin_init')
#7 {main}
  thrown in /Users/akramtello/Local Sites/fundedn/app/public/wp-content/plugins/woocommerce-payments/includes/wc-payment-api/class-wc-payments-http.php on line 194

